0 info it worked if it ends with ok
1 verbose cli [ 'C:\\Program Files\\nodejs\\node.exe',
1 verbose cli   'C:\\Program Files\\nodejs\\node_modules\\npm\\bin\\npm-cli.js',
1 verbose cli   'run',
1 verbose cli   'buildcss' ]
2 info using npm@3.10.10
3 info using node@v6.10.0
4 verbose run-script [ 'prebuildcss', 'buildcss', 'postbuildcss' ]
5 info lifecycle make-yout-vote-up@1.0.0~prebuildcss: make-yout-vote-up@1.0.0
6 silly lifecycle make-yout-vote-up@1.0.0~prebuildcss: no script for prebuildcss, continuing
7 info lifecycle make-yout-vote-up@1.0.0~buildcss: make-yout-vote-up@1.0.0
8 verbose lifecycle make-yout-vote-up@1.0.0~buildcss: unsafe-perm in lifecycle true
9 verbose lifecycle make-yout-vote-up@1.0.0~buildcss: PATH: C:\Program Files\nodejs\node_modules\npm\bin\node-gyp-bin;C:\wamp\www\make-your-vote-up\node_modules\.bin;C:\Program Files\nodejs\node_modules\npm\bin\node-gyp-bin;C:\wamp\www\make-your-vote-up\node_modules\.bin;C:\Program Files\nodejs\node_modules\npm\bin\node-gyp-bin;C:\wamp\www\make-your-vote-up\node_modules\.bin;C:\Ruby22-x64\bin;C:\Program Files (x86)\ActiveState Komodo Edit 10\;C:\ProgramData\Oracle\Java\javapath;C:\Program Files (x86)\Intel\iCLS Client\;C:\Program Files\Intel\iCLS Client\;C:\Windows\system32;C:\Windows;C:\Windows\System32\Wbem;C:\Windows\System32\WindowsPowerShell\v1.0\;C:\Program Files\Intel\Intel(R) Management Engine Components\DAL;C:\Program Files\Intel\Intel(R) Management Engine Components\IPT;C:\Program Files (x86)\Intel\Intel(R) Management Engine Components\DAL;C:\Program Files (x86)\Intel\Intel(R) Management Engine Components\IPT;C:\Program Files (x86)\NVIDIA Corporation\PhysX\Common;C:\Program Files (x86)\QuickTime\QTSystem\;C:\Program Files\jEdit;C:\Program Files\Git\cmd;C:\Program Files\nodejs\;c:\program files\FXGear\Qualoth;C:\Users\WendiChu\AppData\Local\atom\bin
10 verbose lifecycle make-yout-vote-up@1.0.0~buildcss: CWD: C:\wamp\www\make-your-vote-up
11 silly lifecycle make-yout-vote-up@1.0.0~buildcss: Args: [ '/d /s /c', 'npm run scss && npm run autoprefixer' ]
12 silly lifecycle make-yout-vote-up@1.0.0~buildcss: Returned: code: 1  signal: null
13 info lifecycle make-yout-vote-up@1.0.0~buildcss: Failed to exec buildcss script
14 verbose stack Error: make-yout-vote-up@1.0.0 buildcss: `npm run scss && npm run autoprefixer`
14 verbose stack Exit status 1
14 verbose stack     at EventEmitter.<anonymous> (C:\Program Files\nodejs\node_modules\npm\lib\utils\lifecycle.js:255:16)
14 verbose stack     at emitTwo (events.js:106:13)
14 verbose stack     at EventEmitter.emit (events.js:191:7)
14 verbose stack     at ChildProcess.<anonymous> (C:\Program Files\nodejs\node_modules\npm\lib\utils\spawn.js:40:14)
14 verbose stack     at emitTwo (events.js:106:13)
14 verbose stack     at ChildProcess.emit (events.js:191:7)
14 verbose stack     at maybeClose (internal/child_process.js:877:16)
14 verbose stack     at Process.ChildProcess._handle.onexit (internal/child_process.js:226:5)
15 verbose pkgid make-yout-vote-up@1.0.0
16 verbose cwd C:\wamp\www\make-your-vote-up
17 error Windows_NT 6.1.7601
18 error argv "C:\\Program Files\\nodejs\\node.exe" "C:\\Program Files\\nodejs\\node_modules\\npm\\bin\\npm-cli.js" "run" "buildcss"
19 error node v6.10.0
20 error npm  v3.10.10
21 error code ELIFECYCLE
22 error make-yout-vote-up@1.0.0 buildcss: `npm run scss && npm run autoprefixer`
22 error Exit status 1
23 error Failed at the make-yout-vote-up@1.0.0 buildcss script 'npm run scss && npm run autoprefixer'.
23 error Make sure you have the latest version of node.js and npm installed.
23 error If you do, this is most likely a problem with the make-yout-vote-up package,
23 error not with npm itself.
23 error Tell the author that this fails on your system:
23 error     npm run scss && npm run autoprefixer
23 error You can get information on how to open an issue for this project with:
23 error     npm bugs make-yout-vote-up
23 error Or if that isn't available, you can get their info via:
23 error     npm owner ls make-yout-vote-up
23 error There is likely additional logging output above.
24 verbose exit [ 1, true ]
